<?xml version="1.0" encoding="UTF-8"?>
<!-- Generated by org.testng.reporters.JUnitXMLReporter -->
<testsuite hostname="DESKTOP-E2FKL69" name="BuildVerificationTest" tests="2" failures="0" timestamp="26 Nov 2017 21:39:07 GMT" time="49.572" errors="0">
  <testcase name="testHomePage" time="20.475" classname="com.mukesh.sel.hybrid.framework.testcases.VerifyHomePage"/>
  <testcase name="testHomePage" time="10.835" classname="com.mukesh.sel.hybrid.framework.testcases.VerifyLoginPage"/>
</testsuite> <!-- BuildVerificationTest -->
